<?xml version="1.0" encoding="UTF-8"?>
<testsuite xmlns:xsi="http://www.w3.org/2001/XMLSchema-instance" xsi:noNamespaceSchemaLocation="https://maven.apache.org/surefire/maven-surefire-plugin/xsd/surefire-test-report-3.0.xsd" version="3.0" name="myKarateTest.UsersRunnerTest" time="6.641" tests="1" errors="0" skipped="0" failures="0">
  <properties>
    <property name="java.specification.version" value="17"/>
    <property name="sun.cpu.isalist" value="amd64"/>
    <property name="sun.jnu.encoding" value="Cp1252"/>
    <property name="java.class.path" value="C:\Users\jaisw\OneDrive\Desktop\Karate\mykarateproject\target\test-classes;C:\Users\jaisw\OneDrive\Desktop\Karate\mykarateproject\target\classes;C:\Users\jaisw\.m2\repository\io\karatelabs\karate-junit5\1.5.0\karate-junit5-1.5.0.jar;C:\Users\jaisw\.m2\repository\io\karatelabs\karate-core\1.5.0\karate-core-1.5.0.jar;C:\Users\jaisw\.m2\repository\org\graalvm\js\js-scriptengine\24.0.0\js-scriptengine-24.0.0.jar;C:\Users\jaisw\.m2\repository\org\graalvm\polyglot\polyglot\24.0.0\polyglot-24.0.0.jar;C:\Users\jaisw\.m2\repository\org\graalvm\sdk\collections\24.0.0\collections-24.0.0.jar;C:\Users\jaisw\.m2\repository\org\graalvm\sdk\nativeimage\24.0.0\nativeimage-24.0.0.jar;C:\Users\jaisw\.m2\repository\org\graalvm\sdk\word\24.0.0\word-24.0.0.jar;C:\Users\jaisw\.m2\repository\org\graalvm\js\js-language\24.0.0\js-language-24.0.0.jar;C:\Users\jaisw\.m2\repository\org\graalvm\regex\regex\24.0.0\regex-24.0.0.jar;C:\Users\jaisw\.m2\repository\org\graalvm\truffle\truffle-api\24.0.0\truffle-api-24.0.0.jar;C:\Users\jaisw\.m2\repository\org\graalvm\shadowed\icu4j\24.0.0\icu4j-24.0.0.jar;C:\Users\jaisw\.m2\repository\org\thymeleaf\thymeleaf\3.1.2.RELEASE\thymeleaf-3.1.2.RELEASE.jar;C:\Users\jaisw\.m2\repository\ognl\ognl\3.3.4\ognl-3.3.4.jar;C:\Users\jaisw\.m2\repository\org\javassist\javassist\3.29.0-GA\javassist-3.29.0-GA.jar;C:\Users\jaisw\.m2\repository\org\attoparser\attoparser\2.0.7.RELEASE\attoparser-2.0.7.RELEASE.jar;C:\Users\jaisw\.m2\repository\org\unbescape\unbescape\1.1.6.RELEASE\unbescape-1.1.6.RELEASE.jar;C:\Users\jaisw\.m2\repository\com\linecorp\armeria\armeria\1.29.2\armeria-1.29.2.jar;C:\Users\jaisw\.m2\repository\com\fasterxml\jackson\core\jackson-core\2.17.1\jackson-core-2.17.1.jar;C:\Users\jaisw\.m2\repository\com\fasterxml\jackson\core\jackson-annotations\2.17.1\jackson-annotations-2.17.1.jar;C:\Users\jaisw\.m2\repository\com\fasterxml\jackson\core\jackson-databind\2.17.1\jackson-databind-2.17.1.jar;C:\Users\jaisw\.m2\repository\com\fasterxml\jackson\datatype\jackson-datatype-jdk8\2.17.1\jackson-datatype-jdk8-2.17.1.jar;C:\Users\jaisw\.m2\repository\com\fasterxml\jackson\datatype\jackson-datatype-jsr310\2.17.1\jackson-datatype-jsr310-2.17.1.jar;C:\Users\jaisw\.m2\repository\io\micrometer\micrometer-core\1.13.0\micrometer-core-1.13.0.jar;C:\Users\jaisw\.m2\repository\io\micrometer\micrometer-commons\1.13.0\micrometer-commons-1.13.0.jar;C:\Users\jaisw\.m2\repository\io\micrometer\micrometer-observation\1.13.0\micrometer-observation-1.13.0.jar;C:\Users\jaisw\.m2\repository\org\hdrhistogram\HdrHistogram\2.2.1\HdrHistogram-2.2.1.jar;C:\Users\jaisw\.m2\repository\org\latencyutils\LatencyUtils\2.0.3\LatencyUtils-2.0.3.jar;C:\Users\jaisw\.m2\repository\io\netty\netty-transport\4.1.110.Final\netty-transport-4.1.110.Final.jar;C:\Users\jaisw\.m2\repository\io\netty\netty-common\4.1.110.Final\netty-common-4.1.110.Final.jar;C:\Users\jaisw\.m2\repository\io\netty\netty-buffer\4.1.110.Final\netty-buffer-4.1.110.Final.jar;C:\Users\jaisw\.m2\repository\io\netty\netty-resolver\4.1.110.Final\netty-resolver-4.1.110.Final.jar;C:\Users\jaisw\.m2\repository\io\netty\netty-codec-haproxy\4.1.110.Final\netty-codec-haproxy-4.1.110.Final.jar;C:\Users\jaisw\.m2\repository\io\netty\netty-codec\4.1.110.Final\netty-codec-4.1.110.Final.jar;C:\Users\jaisw\.m2\repository\io\netty\netty-codec-http2\4.1.110.Final\netty-codec-http2-4.1.110.Final.jar;C:\Users\jaisw\.m2\repository\io\netty\netty-handler\4.1.110.Final\netty-handler-4.1.110.Final.jar;C:\Users\jaisw\.m2\repository\io\netty\netty-codec-http\4.1.110.Final\netty-codec-http-4.1.110.Final.jar;C:\Users\jaisw\.m2\repository\io\netty\netty-resolver-dns\4.1.110.Final\netty-resolver-dns-4.1.110.Final.jar;C:\Users\jaisw\.m2\repository\io\netty\netty-codec-dns\4.1.110.Final\netty-codec-dns-4.1.110.Final.jar;C:\Users\jaisw\.m2\repository\io\netty\netty-transport-native-unix-common\4.1.110.Final\netty-transport-native-unix-common-4.1.110.Final-linux-x86_64.jar;C:\Users\jaisw\.m2\repository\io\netty\netty-transport-native-unix-common\4.1.110.Final\netty-transport-native-unix-common-4.1.110.Final-linux-aarch_64.jar;C:\Users\jaisw\.m2\repository\io\netty\netty-transport-native-unix-common\4.1.110.Final\netty-transport-native-unix-common-4.1.110.Final-osx-x86_64.jar;C:\Users\jaisw\.m2\repository\io\netty\netty-transport-native-unix-common\4.1.110.Final\netty-transport-native-unix-common-4.1.110.Final-osx-aarch_64.jar;C:\Users\jaisw\.m2\repository\org\reactivestreams\reactive-streams\1.0.4\reactive-streams-1.0.4.jar;C:\Users\jaisw\.m2\repository\com\google\code\findbugs\jsr305\3.0.2\jsr305-3.0.2.jar;C:\Users\jaisw\.m2\repository\io\netty\netty-handler-proxy\4.1.110.Final\netty-handler-proxy-4.1.110.Final.jar;C:\Users\jaisw\.m2\repository\io\netty\netty-codec-socks\4.1.110.Final\netty-codec-socks-4.1.110.Final.jar;C:\Users\jaisw\.m2\repository\io\netty\netty-transport-native-epoll\4.1.110.Final\netty-transport-native-epoll-4.1.110.Final-linux-x86_64.jar;C:\Users\jaisw\.m2\repository\io\netty\netty-transport-native-unix-common\4.1.110.Final\netty-transport-native-unix-common-4.1.110.Final.jar;C:\Users\jaisw\.m2\repository\io\netty\netty-transport-classes-epoll\4.1.110.Final\netty-transport-classes-epoll-4.1.110.Final.jar;C:\Users\jaisw\.m2\repository\io\netty\netty-transport-native-epoll\4.1.110.Final\netty-transport-native-epoll-4.1.110.Final-linux-aarch_64.jar;C:\Users\jaisw\.m2\repository\io\netty\netty-transport-native-kqueue\4.1.110.Final\netty-transport-native-kqueue-4.1.110.Final-osx-x86_64.jar;C:\Users\jaisw\.m2\repository\io\netty\netty-transport-classes-kqueue\4.1.110.Final\netty-transport-classes-kqueue-4.1.110.Final.jar;C:\Users\jaisw\.m2\repository\io\netty\netty-resolver-dns-native-macos\4.1.110.Final\netty-resolver-dns-native-macos-4.1.110.Final-osx-x86_64.jar;C:\Users\jaisw\.m2\repository\io\netty\netty-resolver-dns-classes-macos\4.1.110.Final\netty-resolver-dns-classes-macos-4.1.110.Final.jar;C:\Users\jaisw\.m2\repository\io\netty\netty-transport-native-kqueue\4.1.110.Final\netty-transport-native-kqueue-4.1.110.Final-osx-aarch_64.jar;C:\Users\jaisw\.m2\repository\io\netty\netty-resolver-dns-native-macos\4.1.110.Final\netty-resolver-dns-native-macos-4.1.110.Final-osx-aarch_64.jar;C:\Users\jaisw\.m2\repository\io\netty\netty-tcnative-boringssl-static\2.0.65.Final\netty-tcnative-boringssl-static-2.0.65.Final-linux-x86_64.jar;C:\Users\jaisw\.m2\repository\io\netty\netty-tcnative-classes\2.0.65.Final\netty-tcnative-classes-2.0.65.Final.jar;C:\Users\jaisw\.m2\repository\io\netty\netty-tcnative-boringssl-static\2.0.65.Final\netty-tcnative-boringssl-static-2.0.65.Final-linux-aarch_64.jar;C:\Users\jaisw\.m2\repository\io\netty\netty-tcnative-boringssl-static\2.0.65.Final\netty-tcnative-boringssl-static-2.0.65.Final-osx-x86_64.jar;C:\Users\jaisw\.m2\repository\io\netty\netty-tcnative-boringssl-static\2.0.65.Final\netty-tcnative-boringssl-static-2.0.65.Final-osx-aarch_64.jar;C:\Users\jaisw\.m2\repository\io\netty\netty-tcnative-boringssl-static\2.0.65.Final\netty-tcnative-boringssl-static-2.0.65.Final-windows-x86_64.jar;C:\Users\jaisw\.m2\repository\com\aayushatharva\brotli4j\brotli4j\1.16.0\brotli4j-1.16.0.jar;C:\Users\jaisw\.m2\repository\com\aayushatharva\brotli4j\service\1.16.0\service-1.16.0.jar;C:\Users\jaisw\.m2\repository\com\aayushatharva\brotli4j\native-windows-x86_64\1.16.0\native-windows-x86_64-1.16.0.jar;C:\Users\jaisw\.m2\repository\org\apache\httpcomponents\httpclient\4.5.14\httpclient-4.5.14.jar;C:\Users\jaisw\.m2\repository\org\apache\httpcomponents\httpcore\4.4.16\httpcore-4.4.16.jar;C:\Users\jaisw\.m2\repository\commons-codec\commons-codec\1.16.1\commons-codec-1.16.1.jar;C:\Users\jaisw\.m2\repository\ch\qos\logback\logback-classic\1.5.4\logback-classic-1.5.4.jar;C:\Users\jaisw\.m2\repository\ch\qos\logback\logback-core\1.5.4\logback-core-1.5.4.jar;C:\Users\jaisw\.m2\repository\org\slf4j\jcl-over-slf4j\2.0.12\jcl-over-slf4j-2.0.12.jar;C:\Users\jaisw\.m2\repository\org\slf4j\slf4j-api\2.0.12\slf4j-api-2.0.12.jar;C:\Users\jaisw\.m2\repository\org\antlr\antlr4-runtime\4.13.1\antlr4-runtime-4.13.1.jar;C:\Users\jaisw\.m2\repository\com\jayway\jsonpath\json-path\2.9.0\json-path-2.9.0.jar;C:\Users\jaisw\.m2\repository\net\minidev\json-smart\2.5.1\json-smart-2.5.1.jar;C:\Users\jaisw\.m2\repository\net\minidev\accessors-smart\2.5.1\accessors-smart-2.5.1.jar;C:\Users\jaisw\.m2\repository\org\ow2\asm\asm\9.6\asm-9.6.jar;C:\Users\jaisw\.m2\repository\org\yaml\snakeyaml\2.2\snakeyaml-2.2.jar;C:\Users\jaisw\.m2\repository\de\siegmar\fastcsv\3.1.0\fastcsv-3.1.0.jar;C:\Users\jaisw\.m2\repository\info\picocli\picocli\4.7.5\picocli-4.7.5.jar;C:\Users\jaisw\.m2\repository\io\github\classgraph\classgraph\4.8.170\classgraph-4.8.170.jar;C:\Users\jaisw\.m2\repository\io\github\t12y\resemble\1.1.0\resemble-1.1.0.jar;C:\Users\jaisw\.m2\repository\io\github\t12y\ssim\1.0.0\ssim-1.0.0.jar;C:\Users\jaisw\.m2\repository\org\junit\jupiter\junit-jupiter-api\5.10.2\junit-jupiter-api-5.10.2.jar;C:\Users\jaisw\.m2\repository\org\opentest4j\opentest4j\1.3.0\opentest4j-1.3.0.jar;C:\Users\jaisw\.m2\repository\org\junit\platform\junit-platform-commons\1.10.2\junit-platform-commons-1.10.2.jar;C:\Users\jaisw\.m2\repository\org\apiguardian\apiguardian-api\1.1.2\apiguardian-api-1.1.2.jar;C:\Users\jaisw\.m2\repository\org\junit\jupiter\junit-jupiter-engine\5.10.2\junit-jupiter-engine-5.10.2.jar;C:\Users\jaisw\.m2\repository\org\junit\platform\junit-platform-engine\1.10.2\junit-platform-engine-1.10.2.jar;"/>
    <property name="java.vm.vendor" value="Oracle Corporation"/>
    <property name="sun.arch.data.model" value="64"/>
    <property name="user.variant" value=""/>
    <property name="java.vendor.url" value="https://java.oracle.com/"/>
    <property name="user.timezone" value="Asia/Calcutta"/>
    <property name="os.name" value="Windows 11"/>
    <property name="java.vm.specification.version" value="17"/>
    <property name="sun.java.launcher" value="SUN_STANDARD"/>
    <property name="user.country" value="US"/>
    <property name="sun.boot.library.path" value="C:\Program Files\Java\jdk-17\bin"/>
    <property name="sun.java.command" value="C:\Users\jaisw\AppData\Local\Temp\surefire11167471554868805519\surefirebooter-20250608181824356_3.jar C:\Users\jaisw\AppData\Local\Temp\surefire11167471554868805519 2025-06-08T18-18-24_073-jvmRun1 surefire-20250608181824356_1tmp surefire_0-20250608181824356_2tmp"/>
    <property name="jdk.debug" value="release"/>
    <property name="surefire.test.class.path" value="C:\Users\jaisw\OneDrive\Desktop\Karate\mykarateproject\target\test-classes;C:\Users\jaisw\OneDrive\Desktop\Karate\mykarateproject\target\classes;C:\Users\jaisw\.m2\repository\io\karatelabs\karate-junit5\1.5.0\karate-junit5-1.5.0.jar;C:\Users\jaisw\.m2\repository\io\karatelabs\karate-core\1.5.0\karate-core-1.5.0.jar;C:\Users\jaisw\.m2\repository\org\graalvm\js\js-scriptengine\24.0.0\js-scriptengine-24.0.0.jar;C:\Users\jaisw\.m2\repository\org\graalvm\polyglot\polyglot\24.0.0\polyglot-24.0.0.jar;C:\Users\jaisw\.m2\repository\org\graalvm\sdk\collections\24.0.0\collections-24.0.0.jar;C:\Users\jaisw\.m2\repository\org\graalvm\sdk\nativeimage\24.0.0\nativeimage-24.0.0.jar;C:\Users\jaisw\.m2\repository\org\graalvm\sdk\word\24.0.0\word-24.0.0.jar;C:\Users\jaisw\.m2\repository\org\graalvm\js\js-language\24.0.0\js-language-24.0.0.jar;C:\Users\jaisw\.m2\repository\org\graalvm\regex\regex\24.0.0\regex-24.0.0.jar;C:\Users\jaisw\.m2\repository\org\graalvm\truffle\truffle-api\24.0.0\truffle-api-24.0.0.jar;C:\Users\jaisw\.m2\repository\org\graalvm\shadowed\icu4j\24.0.0\icu4j-24.0.0.jar;C:\Users\jaisw\.m2\repository\org\thymeleaf\thymeleaf\3.1.2.RELEASE\thymeleaf-3.1.2.RELEASE.jar;C:\Users\jaisw\.m2\repository\ognl\ognl\3.3.4\ognl-3.3.4.jar;C:\Users\jaisw\.m2\repository\org\javassist\javassist\3.29.0-GA\javassist-3.29.0-GA.jar;C:\Users\jaisw\.m2\repository\org\attoparser\attoparser\2.0.7.RELEASE\attoparser-2.0.7.RELEASE.jar;C:\Users\jaisw\.m2\repository\org\unbescape\unbescape\1.1.6.RELEASE\unbescape-1.1.6.RELEASE.jar;C:\Users\jaisw\.m2\repository\com\linecorp\armeria\armeria\1.29.2\armeria-1.29.2.jar;C:\Users\jaisw\.m2\repository\com\fasterxml\jackson\core\jackson-core\2.17.1\jackson-core-2.17.1.jar;C:\Users\jaisw\.m2\repository\com\fasterxml\jackson\core\jackson-annotations\2.17.1\jackson-annotations-2.17.1.jar;C:\Users\jaisw\.m2\repository\com\fasterxml\jackson\core\jackson-databind\2.17.1\jackson-databind-2.17.1.jar;C:\Users\jaisw\.m2\repository\com\fasterxml\jackson\datatype\jackson-datatype-jdk8\2.17.1\jackson-datatype-jdk8-2.17.1.jar;C:\Users\jaisw\.m2\repository\com\fasterxml\jackson\datatype\jackson-datatype-jsr310\2.17.1\jackson-datatype-jsr310-2.17.1.jar;C:\Users\jaisw\.m2\repository\io\micrometer\micrometer-core\1.13.0\micrometer-core-1.13.0.jar;C:\Users\jaisw\.m2\repository\io\micrometer\micrometer-commons\1.13.0\micrometer-commons-1.13.0.jar;C:\Users\jaisw\.m2\repository\io\micrometer\micrometer-observation\1.13.0\micrometer-observation-1.13.0.jar;C:\Users\jaisw\.m2\repository\org\hdrhistogram\HdrHistogram\2.2.1\HdrHistogram-2.2.1.jar;C:\Users\jaisw\.m2\repository\org\latencyutils\LatencyUtils\2.0.3\LatencyUtils-2.0.3.jar;C:\Users\jaisw\.m2\repository\io\netty\netty-transport\4.1.110.Final\netty-transport-4.1.110.Final.jar;C:\Users\jaisw\.m2\repository\io\netty\netty-common\4.1.110.Final\netty-common-4.1.110.Final.jar;C:\Users\jaisw\.m2\repository\io\netty\netty-buffer\4.1.110.Final\netty-buffer-4.1.110.Final.jar;C:\Users\jaisw\.m2\repository\io\netty\netty-resolver\4.1.110.Final\netty-resolver-4.1.110.Final.jar;C:\Users\jaisw\.m2\repository\io\netty\netty-codec-haproxy\4.1.110.Final\netty-codec-haproxy-4.1.110.Final.jar;C:\Users\jaisw\.m2\repository\io\netty\netty-codec\4.1.110.Final\netty-codec-4.1.110.Final.jar;C:\Users\jaisw\.m2\repository\io\netty\netty-codec-http2\4.1.110.Final\netty-codec-http2-4.1.110.Final.jar;C:\Users\jaisw\.m2\repository\io\netty\netty-handler\4.1.110.Final\netty-handler-4.1.110.Final.jar;C:\Users\jaisw\.m2\repository\io\netty\netty-codec-http\4.1.110.Final\netty-codec-http-4.1.110.Final.jar;C:\Users\jaisw\.m2\repository\io\netty\netty-resolver-dns\4.1.110.Final\netty-resolver-dns-4.1.110.Final.jar;C:\Users\jaisw\.m2\repository\io\netty\netty-codec-dns\4.1.110.Final\netty-codec-dns-4.1.110.Final.jar;C:\Users\jaisw\.m2\repository\io\netty\netty-transport-native-unix-common\4.1.110.Final\netty-transport-native-unix-common-4.1.110.Final-linux-x86_64.jar;C:\Users\jaisw\.m2\repository\io\netty\netty-transport-native-unix-common\4.1.110.Final\netty-transport-native-unix-common-4.1.110.Final-linux-aarch_64.jar;C:\Users\jaisw\.m2\repository\io\netty\netty-transport-native-unix-common\4.1.110.Final\netty-transport-native-unix-common-4.1.110.Final-osx-x86_64.jar;C:\Users\jaisw\.m2\repository\io\netty\netty-transport-native-unix-common\4.1.110.Final\netty-transport-native-unix-common-4.1.110.Final-osx-aarch_64.jar;C:\Users\jaisw\.m2\repository\org\reactivestreams\reactive-streams\1.0.4\reactive-streams-1.0.4.jar;C:\Users\jaisw\.m2\repository\com\google\code\findbugs\jsr305\3.0.2\jsr305-3.0.2.jar;C:\Users\jaisw\.m2\repository\io\netty\netty-handler-proxy\4.1.110.Final\netty-handler-proxy-4.1.110.Final.jar;C:\Users\jaisw\.m2\repository\io\netty\netty-codec-socks\4.1.110.Final\netty-codec-socks-4.1.110.Final.jar;C:\Users\jaisw\.m2\repository\io\netty\netty-transport-native-epoll\4.1.110.Final\netty-transport-native-epoll-4.1.110.Final-linux-x86_64.jar;C:\Users\jaisw\.m2\repository\io\netty\netty-transport-native-unix-common\4.1.110.Final\netty-transport-native-unix-common-4.1.110.Final.jar;C:\Users\jaisw\.m2\repository\io\netty\netty-transport-classes-epoll\4.1.110.Final\netty-transport-classes-epoll-4.1.110.Final.jar;C:\Users\jaisw\.m2\repository\io\netty\netty-transport-native-epoll\4.1.110.Final\netty-transport-native-epoll-4.1.110.Final-linux-aarch_64.jar;C:\Users\jaisw\.m2\repository\io\netty\netty-transport-native-kqueue\4.1.110.Final\netty-transport-native-kqueue-4.1.110.Final-osx-x86_64.jar;C:\Users\jaisw\.m2\repository\io\netty\netty-transport-classes-kqueue\4.1.110.Final\netty-transport-classes-kqueue-4.1.110.Final.jar;C:\Users\jaisw\.m2\repository\io\netty\netty-resolver-dns-native-macos\4.1.110.Final\netty-resolver-dns-native-macos-4.1.110.Final-osx-x86_64.jar;C:\Users\jaisw\.m2\repository\io\netty\netty-resolver-dns-classes-macos\4.1.110.Final\netty-resolver-dns-classes-macos-4.1.110.Final.jar;C:\Users\jaisw\.m2\repository\io\netty\netty-transport-native-kqueue\4.1.110.Final\netty-transport-native-kqueue-4.1.110.Final-osx-aarch_64.jar;C:\Users\jaisw\.m2\repository\io\netty\netty-resolver-dns-native-macos\4.1.110.Final\netty-resolver-dns-native-macos-4.1.110.Final-osx-aarch_64.jar;C:\Users\jaisw\.m2\repository\io\netty\netty-tcnative-boringssl-static\2.0.65.Final\netty-tcnative-boringssl-static-2.0.65.Final-linux-x86_64.jar;C:\Users\jaisw\.m2\repository\io\netty\netty-tcnative-classes\2.0.65.Final\netty-tcnative-classes-2.0.65.Final.jar;C:\Users\jaisw\.m2\repository\io\netty\netty-tcnative-boringssl-static\2.0.65.Final\netty-tcnative-boringssl-static-2.0.65.Final-linux-aarch_64.jar;C:\Users\jaisw\.m2\repository\io\netty\netty-tcnative-boringssl-static\2.0.65.Final\netty-tcnative-boringssl-static-2.0.65.Final-osx-x86_64.jar;C:\Users\jaisw\.m2\repository\io\netty\netty-tcnative-boringssl-static\2.0.65.Final\netty-tcnative-boringssl-static-2.0.65.Final-osx-aarch_64.jar;C:\Users\jaisw\.m2\repository\io\netty\netty-tcnative-boringssl-static\2.0.65.Final\netty-tcnative-boringssl-static-2.0.65.Final-windows-x86_64.jar;C:\Users\jaisw\.m2\repository\com\aayushatharva\brotli4j\brotli4j\1.16.0\brotli4j-1.16.0.jar;C:\Users\jaisw\.m2\repository\com\aayushatharva\brotli4j\service\1.16.0\service-1.16.0.jar;C:\Users\jaisw\.m2\repository\com\aayushatharva\brotli4j\native-windows-x86_64\1.16.0\native-windows-x86_64-1.16.0.jar;C:\Users\jaisw\.m2\repository\org\apache\httpcomponents\httpclient\4.5.14\httpclient-4.5.14.jar;C:\Users\jaisw\.m2\repository\org\apache\httpcomponents\httpcore\4.4.16\httpcore-4.4.16.jar;C:\Users\jaisw\.m2\repository\commons-codec\commons-codec\1.16.1\commons-codec-1.16.1.jar;C:\Users\jaisw\.m2\repository\ch\qos\logback\logback-classic\1.5.4\logback-classic-1.5.4.jar;C:\Users\jaisw\.m2\repository\ch\qos\logback\logback-core\1.5.4\logback-core-1.5.4.jar;C:\Users\jaisw\.m2\repository\org\slf4j\jcl-over-slf4j\2.0.12\jcl-over-slf4j-2.0.12.jar;C:\Users\jaisw\.m2\repository\org\slf4j\slf4j-api\2.0.12\slf4j-api-2.0.12.jar;C:\Users\jaisw\.m2\repository\org\antlr\antlr4-runtime\4.13.1\antlr4-runtime-4.13.1.jar;C:\Users\jaisw\.m2\repository\com\jayway\jsonpath\json-path\2.9.0\json-path-2.9.0.jar;C:\Users\jaisw\.m2\repository\net\minidev\json-smart\2.5.1\json-smart-2.5.1.jar;C:\Users\jaisw\.m2\repository\net\minidev\accessors-smart\2.5.1\accessors-smart-2.5.1.jar;C:\Users\jaisw\.m2\repository\org\ow2\asm\asm\9.6\asm-9.6.jar;C:\Users\jaisw\.m2\repository\org\yaml\snakeyaml\2.2\snakeyaml-2.2.jar;C:\Users\jaisw\.m2\repository\de\siegmar\fastcsv\3.1.0\fastcsv-3.1.0.jar;C:\Users\jaisw\.m2\repository\info\picocli\picocli\4.7.5\picocli-4.7.5.jar;C:\Users\jaisw\.m2\repository\io\github\classgraph\classgraph\4.8.170\classgraph-4.8.170.jar;C:\Users\jaisw\.m2\repository\io\github\t12y\resemble\1.1.0\resemble-1.1.0.jar;C:\Users\jaisw\.m2\repository\io\github\t12y\ssim\1.0.0\ssim-1.0.0.jar;C:\Users\jaisw\.m2\repository\org\junit\jupiter\junit-jupiter-api\5.10.2\junit-jupiter-api-5.10.2.jar;C:\Users\jaisw\.m2\repository\org\opentest4j\opentest4j\1.3.0\opentest4j-1.3.0.jar;C:\Users\jaisw\.m2\repository\org\junit\platform\junit-platform-commons\1.10.2\junit-platform-commons-1.10.2.jar;C:\Users\jaisw\.m2\repository\org\apiguardian\apiguardian-api\1.1.2\apiguardian-api-1.1.2.jar;C:\Users\jaisw\.m2\repository\org\junit\jupiter\junit-jupiter-engine\5.10.2\junit-jupiter-engine-5.10.2.jar;C:\Users\jaisw\.m2\repository\org\junit\platform\junit-platform-engine\1.10.2\junit-platform-engine-1.10.2.jar;"/>
    <property name="sun.cpu.endian" value="little"/>
    <property name="user.home" value="C:\Users\jaisw"/>
    <property name="user.language" value="en"/>
    <property name="java.specification.vendor" value="Oracle Corporation"/>
    <property name="java.version.date" value="2024-07-16"/>
    <property name="java.home" value="C:\Program Files\Java\jdk-17"/>
    <property name="file.separator" value="\"/>
    <property name="basedir" value="C:\Users\jaisw\OneDrive\Desktop\Karate\mykarateproject"/>
    <property name="java.vm.compressedOopsMode" value="32-bit"/>
    <property name="line.separator" value="&#10;"/>
    <property name="java.vm.specification.vendor" value="Oracle Corporation"/>
    <property name="java.specification.name" value="Java Platform API Specification"/>
    <property name="surefire.real.class.path" value="C:\Users\jaisw\AppData\Local\Temp\surefire11167471554868805519\surefirebooter-20250608181824356_3.jar"/>
    <property name="user.script" value=""/>
    <property name="sun.management.compiler" value="HotSpot 64-Bit Tiered Compilers"/>
    <property name="java.runtime.version" value="17.0.12+8-LTS-286"/>
    <property name="user.name" value="jaisw"/>
    <property name="path.separator" value=";"/>
    <property name="os.version" value="10.0"/>
    <property name="java.runtime.name" value="Java(TM) SE Runtime Environment"/>
    <property name="file.encoding" value="UTF-8"/>
    <property name="java.vm.name" value="Java HotSpot(TM) 64-Bit Server VM"/>
    <property name="localRepository" value="C:\Users\jaisw\.m2\repository"/>
    <property name="java.vendor.url.bug" value="https://bugreport.java.com/bugreport/"/>
    <property name="java.io.tmpdir" value="C:\Users\jaisw\AppData\Local\Temp\"/>
    <property name="java.version" value="17.0.12"/>
    <property name="user.dir" value="C:\Users\jaisw\OneDrive\Desktop\Karate\mykarateproject"/>
    <property name="os.arch" value="amd64"/>
    <property name="java.vm.specification.name" value="Java Virtual Machine Specification"/>
    <property name="sun.os.patch.level" value=""/>
    <property name="native.encoding" value="Cp1252"/>
    <property name="java.library.path" value="C:\Program Files\Java\jdk-17\bin;C:\WINDOWS\Sun\Java\bin;C:\WINDOWS\system32;C:\WINDOWS;C:\Users\jaisw\bin;C:\Program Files\Git\mingw64\bin;C:\Program Files\Git\usr\local\bin;C:\Program Files\Git\usr\bin;C:\Program Files\Git\usr\bin;C:\Program Files\Git\mingw64\bin;C:\Program Files\Git\usr\bin;C:\Users\jaisw\bin;C:\Users\jaisw\OneDrive\Desktop\Eclipse\plugins\org.eclipse.justj.openjdk.hotspot.jre.full.win32.x86_64_17.0.8.v20230831-1047\jre\bin\server;C:\Users\jaisw\OneDrive\Desktop\Eclipse\plugins\org.eclipse.justj.openjdk.hotspot.jre.full.win32.x86_64_17.0.8.v20230831-1047\jre\bin;C:\Program Files\Common Files\Oracle\Java\javapath;C:\Windows\system32;C:\Windows;C:\Windows\System32\Wbem;C:\Windows\System32\WindowsPowerShell\v1.0;C:\Windows\System32\OpenSSH;C:\Program Files (x86)\NVIDIA Corporation\PhysX\Common;C:\Program Files\NVIDIA Corporation\NVIDIA NvDLISR;C:\Program Files\Git\cmd;C:\Program Files\Git\usr\bin\git.exe;C:\Program Files\Java\jdk-17\bin;C:\WINDOWS\system32;C:\WINDOWS;C:\WINDOWS\System32\Wbem;C:\WINDOWS\System32\WindowsPowerShell\v1.0;C:\WINDOWS\System32\OpenSSH;C:\ProgramData\chocolatey\bin;C:\Program Files\PuTTY;C:\Program Files\Vagrant\bin;C:\Users\jaisw\AppData\Local\Programs\Python\Python312;C:\Users\jaisw\AppData\Local\Programs\Python\Python312\Scripts;C:\Program Files\Docker\Docker\resources\bin;C:\Users\jaisw\AppData\Local\Programs\Python\Launcher;C:\Users\jaisw\AppData\Local\Microsoft\WindowsApps;C:\Program Files\apache-maven-3.8.4\bin;C:\Users\jaisw\AppData\Local\Programs\Microsoft VS Code\bin;C:\Users\jaisw\OneDrive\Desktop\Eclipse;C:\Program Files\Git\usr\bin\vendor_perl;C:\Program Files\Git\usr\bin\core_perl;."/>
    <property name="java.vm.info" value="mixed mode, sharing"/>
    <property name="java.vendor" value="Oracle Corporation"/>
    <property name="java.vm.version" value="17.0.12+8-LTS-286"/>
    <property name="sun.io.unicode.encoding" value="UnicodeLittle"/>
    <property name="java.class.version" value="61.0"/>
  </properties>
  <testcase name="[1:7] GraphQL Testcase" classname="myKarateTest/features/graphQLTest" time="2.557">
    <system-out><![CDATA[18:18:27.648 [main] DEBUG com.intuit.karate.Suite - [config] classpath:karate-config.js
18:18:29.781 [main] INFO  com.intuit.karate - karate.env system property was: null 
18:18:30.398 [main] DEBUG com.intuit.karate - request:
1 > POST https://countries.trevorblades.com/
1 > Content-Type: application/json; charset=UTF-8
1 > Content-Length: 67
1 > Host: countries.trevorblades.com
1 > Connection: Keep-Alive
1 > User-Agent: Apache-HttpClient/4.5.14 (Java/17.0.12)
1 > Accept-Encoding: gzip,deflate
{"query":"{\ncountries {\n\t\tcode\n\t\tname\n\t\temoji\n}\n\t\t}"}

18:18:30.981 [main] DEBUG com.intuit.karate - response time in milliseconds: 566
1 < 200
1 < Connection: keep-alive
1 < x-served-by: cache-ccu830042-CCU
1 < accept-ranges: bytes
1 < date: Sun, 08 Jun 2025 12:42:39 GMT
1 < content-type: application/json; charset=utf-8
1 < access-control-max-age: 600
1 < server-timing: cfL4;desc="?proto=TCP&rtt=58892&min_rtt=58863&rtt_var=16580&sent=4&recv=7&lost=0&retrans=0&sent_bytes=2862&recv_bytes=1540&delivery_rate=49138&cwnd=102&unsent_bytes=0&cid=4135386fe0d5e690&ts=148&x=0"
1 < access-control-expose-headers: *
1 < access-control-allow-credentials: true
1 < vary: Accept-Encoding
1 < access-control-allow-methods: POST, GET, HEAD, OPTIONS
1 < access-control-allow-headers: *
1 < alt-svc: h3=":443"; ma=86400
1 < access-control-allow-origin: *
1 < x-powered-by: Stellate
1 < age: 353
1 < cache-control: public, s-maxage=2628000, stale-while-revalidate=2628000
1 < x-cache: HIT
1 < x-cache-hits: 1
1 < gcdn-cache: HIT
1 < stellate-rate-limit-budget-remaining: 49
1 < stellate-rate-limit-rules: "IP limit";type="RequestCount";budget=50;limited=?0;remaining=49;refill=60
1 < stellate-rate-limit-decision: pass
1 < stellate-rate-limit-budget-required: 7
{"data":{"countries":[{"code":"AD","name":"Andorra","emoji":"🇦🇩"},{"code":"AE","name":"United Arab Emirates","emoji":"🇦🇪"},{"code":"AF","name":"Afghanistan","emoji":"🇦🇫"},{"code":"AG","name":"Antigua and Barbuda","emoji":"🇦🇬"},{"code":"AI","name":"Anguilla","emoji":"🇦🇮"},{"code":"AL","name":"Albania","emoji":"🇦🇱"},{"code":"AM","name":"Armenia","emoji":"🇦🇲"},{"code":"AO","name":"Angola","emoji":"🇦🇴"},{"code":"AQ","name":"Antarctica","emoji":"🇦🇶"},{"code":"AR","name":"Argentina","emoji":"🇦🇷"},{"code":"AS","name":"American Samoa","emoji":"🇦🇸"},{"code":"AT","name":"Austria","emoji":"🇦🇹"},{"code":"AU","name":"Australia","emoji":"🇦🇺"},{"code":"AW","name":"Aruba","emoji":"🇦🇼"},{"code":"AX","name":"Åland","emoji":"🇦🇽"},{"code":"AZ","name":"Azerbaijan","emoji":"🇦🇿"},{"code":"BA","name":"Bosnia and Herzegovina","emoji":"🇧🇦"},{"code":"BB","name":"Barbados","emoji":"🇧🇧"},{"code":"BD","name":"Bangladesh","emoji":"🇧🇩"},{"code":"BE","name":"Belgium","emoji":"🇧🇪"},{"code":"BF","name":"Burkina Faso","emoji":"🇧🇫"},{"code":"BG","name":"Bulgaria","emoji":"🇧🇬"},{"code":"BH","name":"Bahrain","emoji":"🇧🇭"},{"code":"BI","name":"Burundi","emoji":"🇧🇮"},{"code":"BJ","name":"Benin","emoji":"🇧🇯"},{"code":"BL","name":"Saint Barthélemy","emoji":"🇧🇱"},{"code":"BM","name":"Bermuda","emoji":"🇧🇲"},{"code":"BN","name":"Brunei","emoji":"🇧🇳"},{"code":"BO","name":"Bolivia","emoji":"🇧🇴"},{"code":"BQ","name":"Bonaire","emoji":"🇧🇶"},{"code":"BR","name":"Brazil","emoji":"🇧🇷"},{"code":"BS","name":"Bahamas","emoji":"🇧🇸"},{"code":"BT","name":"Bhutan","emoji":"🇧🇹"},{"code":"BV","name":"Bouvet Island","emoji":"🇧🇻"},{"code":"BW","name":"Botswana","emoji":"🇧🇼"},{"code":"BY","name":"Belarus","emoji":"🇧🇾"},{"code":"BZ","name":"Belize","emoji":"🇧🇿"},{"code":"CA","name":"Canada","emoji":"🇨🇦"},{"code":"CC","name":"Cocos [Keeling] Islands","emoji":"🇨🇨"},{"code":"CD","name":"Democratic Republic of the Congo","emoji":"🇨🇩"},{"code":"CF","name":"Central African Republic","emoji":"🇨🇫"},{"code":"CG","name":"Republic of the Congo","emoji":"🇨🇬"},{"code":"CH","name":"Switzerland","emoji":"🇨🇭"},{"code":"CI","name":"Ivory Coast","emoji":"🇨🇮"},{"code":"CK","name":"Cook Islands","emoji":"🇨🇰"},{"code":"CL","name":"Chile","emoji":"🇨🇱"},{"code":"CM","name":"Cameroon","emoji":"🇨🇲"},{"code":"CN","name":"China","emoji":"🇨🇳"},{"code":"CO","name":"Colombia","emoji":"🇨🇴"},{"code":"CR","name":"Costa Rica","emoji":"🇨🇷"},{"code":"CU","name":"Cuba","emoji":"🇨🇺"},{"code":"CV","name":"Cape Verde","emoji":"🇨🇻"},{"code":"CW","name":"Curacao","emoji":"🇨🇼"},{"code":"CX","name":"Christmas Island","emoji":"🇨🇽"},{"code":"CY","name":"Cyprus","emoji":"🇨🇾"},{"code":"CZ","name":"Czech Republic","emoji":"🇨🇿"},{"code":"DE","name":"Germany","emoji":"🇩🇪"},{"code":"DJ","name":"Djibouti","emoji":"🇩🇯"},{"code":"DK","name":"Denmark","emoji":"🇩🇰"},{"code":"DM","name":"Dominica","emoji":"🇩🇲"},{"code":"DO","name":"Dominican Republic","emoji":"🇩🇴"},{"code":"DZ","name":"Algeria","emoji":"🇩🇿"},{"code":"EC","name":"Ecuador","emoji":"🇪🇨"},{"code":"EE","name":"Estonia","emoji":"🇪🇪"},{"code":"EG","name":"Egypt","emoji":"🇪🇬"},{"code":"EH","name":"Western Sahara","emoji":"🇪🇭"},{"code":"ER","name":"Eritrea","emoji":"🇪🇷"},{"code":"ES","name":"Spain","emoji":"🇪🇸"},{"code":"ET","name":"Ethiopia","emoji":"🇪🇹"},{"code":"FI","name":"Finland","emoji":"🇫🇮"},{"code":"FJ","name":"Fiji","emoji":"🇫🇯"},{"code":"FK","name":"Falkland Islands","emoji":"🇫🇰"},{"code":"FM","name":"Micronesia","emoji":"🇫🇲"},{"code":"FO","name":"Faroe Islands","emoji":"🇫🇴"},{"code":"FR","name":"France","emoji":"🇫🇷"},{"code":"GA","name":"Gabon","emoji":"🇬🇦"},{"code":"GB","name":"United Kingdom","emoji":"🇬🇧"},{"code":"GD","name":"Grenada","emoji":"🇬🇩"},{"code":"GE","name":"Georgia","emoji":"🇬🇪"},{"code":"GF","name":"French Guiana","emoji":"🇬🇫"},{"code":"GG","name":"Guernsey","emoji":"🇬🇬"},{"code":"GH","name":"Ghana","emoji":"🇬🇭"},{"code":"GI","name":"Gibraltar","emoji":"🇬🇮"},{"code":"GL","name":"Greenland","emoji":"🇬🇱"},{"code":"GM","name":"Gambia","emoji":"🇬🇲"},{"code":"GN","name":"Guinea","emoji":"🇬🇳"},{"code":"GP","name":"Guadeloupe","emoji":"🇬🇵"},{"code":"GQ","name":"Equatorial Guinea","emoji":"🇬🇶"},{"code":"GR","name":"Greece","emoji":"🇬🇷"},{"code":"GS","name":"South Georgia and the South Sandwich Islands","emoji":"🇬🇸"},{"code":"GT","name":"Guatemala","emoji":"🇬🇹"},{"code":"GU","name":"Guam","emoji":"🇬🇺"},{"code":"GW","name":"Guinea-Bissau","emoji":"🇬🇼"},{"code":"GY","name":"Guyana","emoji":"🇬🇾"},{"code":"HK","name":"Hong Kong","emoji":"🇭🇰"},{"code":"HM","name":"Heard Island and McDonald Islands","emoji":"🇭🇲"},{"code":"HN","name":"Honduras","emoji":"🇭🇳"},{"code":"HR","name":"Croatia","emoji":"🇭🇷"},{"code":"HT","name":"Haiti","emoji":"🇭🇹"},{"code":"HU","name":"Hungary","emoji":"🇭🇺"},{"code":"ID","name":"Indonesia","emoji":"🇮🇩"},{"code":"IE","name":"Ireland","emoji":"🇮🇪"},{"code":"IL","name":"Israel","emoji":"🇮🇱"},{"code":"IM","name":"Isle of Man","emoji":"🇮🇲"},{"code":"IN","name":"India","emoji":"🇮🇳"},{"code":"IO","name":"British Indian Ocean Territory","emoji":"🇮🇴"},{"code":"IQ","name":"Iraq","emoji":"🇮🇶"},{"code":"IR","name":"Iran","emoji":"🇮🇷"},{"code":"IS","name":"Iceland","emoji":"🇮🇸"},{"code":"IT","name":"Italy","emoji":"🇮🇹"},{"code":"JE","name":"Jersey","emoji":"🇯🇪"},{"code":"JM","name":"Jamaica","emoji":"🇯🇲"},{"code":"JO","name":"Jordan","emoji":"🇯🇴"},{"code":"JP","name":"Japan","emoji":"🇯🇵"},{"code":"KE","name":"Kenya","emoji":"🇰🇪"},{"code":"KG","name":"Kyrgyzstan","emoji":"🇰🇬"},{"code":"KH","name":"Cambodia","emoji":"🇰🇭"},{"code":"KI","name":"Kiribati","emoji":"🇰🇮"},{"code":"KM","name":"Comoros","emoji":"🇰🇲"},{"code":"KN","name":"Saint Kitts and Nevis","emoji":"🇰🇳"},{"code":"KP","name":"North Korea","emoji":"🇰🇵"},{"code":"KR","name":"South Korea","emoji":"🇰🇷"},{"code":"KW","name":"Kuwait","emoji":"🇰🇼"},{"code":"KY","name":"Cayman Islands","emoji":"🇰🇾"},{"code":"KZ","name":"Kazakhstan","emoji":"🇰🇿"},{"code":"LA","name":"Laos","emoji":"🇱🇦"},{"code":"LB","name":"Lebanon","emoji":"🇱🇧"},{"code":"LC","name":"Saint Lucia","emoji":"🇱🇨"},{"code":"LI","name":"Liechtenstein","emoji":"🇱🇮"},{"code":"LK","name":"Sri Lanka","emoji":"🇱🇰"},{"code":"LR","name":"Liberia","emoji":"🇱🇷"},{"code":"LS","name":"Lesotho","emoji":"🇱🇸"},{"code":"LT","name":"Lithuania","emoji":"🇱🇹"},{"code":"LU","name":"Luxembourg","emoji":"🇱🇺"},{"code":"LV","name":"Latvia","emoji":"🇱🇻"},{"code":"LY","name":"Libya","emoji":"🇱🇾"},{"code":"MA","name":"Morocco","emoji":"🇲🇦"},{"code":"MC","name":"Monaco","emoji":"🇲🇨"},{"code":"MD","name":"Moldova","emoji":"🇲🇩"},{"code":"ME","name":"Montenegro","emoji":"🇲🇪"},{"code":"MF","name":"Saint Martin","emoji":"🇲🇫"},{"code":"MG","name":"Madagascar","emoji":"🇲🇬"},{"code":"MH","name":"Marshall Islands","emoji":"🇲🇭"},{"code":"MK","name":"North Macedonia","emoji":"🇲🇰"},{"code":"ML","name":"Mali","emoji":"🇲🇱"},{"code":"MM","name":"Myanmar [Burma]","emoji":"🇲🇲"},{"code":"MN","name":"Mongolia","emoji":"🇲🇳"},{"code":"MO","name":"Macao","emoji":"🇲🇴"},{"code":"MP","name":"Northern Mariana Islands","emoji":"🇲🇵"},{"code":"MQ","name":"Martinique","emoji":"🇲🇶"},{"code":"MR","name":"Mauritania","emoji":"🇲🇷"},{"code":"MS","name":"Montserrat","emoji":"🇲🇸"},{"code":"MT","name":"Malta","emoji":"🇲🇹"},{"code":"MU","name":"Mauritius","emoji":"🇲🇺"},{"code":"MV","name":"Maldives","emoji":"🇲🇻"},{"code":"MW","name":"Malawi","emoji":"🇲🇼"},{"code":"MX","name":"Mexico","emoji":"🇲🇽"},{"code":"MY","name":"Malaysia","emoji":"🇲🇾"},{"code":"MZ","name":"Mozambique","emoji":"🇲🇿"},{"code":"NA","name":"Namibia","emoji":"🇳🇦"},{"code":"NC","name":"New Caledonia","emoji":"🇳🇨"},{"code":"NE","name":"Niger","emoji":"🇳🇪"},{"code":"NF","name":"Norfolk Island","emoji":"🇳🇫"},{"code":"NG","name":"Nigeria","emoji":"🇳🇬"},{"code":"NI","name":"Nicaragua","emoji":"🇳🇮"},{"code":"NL","name":"Netherlands","emoji":"🇳🇱"},{"code":"NO","name":"Norway","emoji":"🇳🇴"},{"code":"NP","name":"Nepal","emoji":"🇳🇵"},{"code":"NR","name":"Nauru","emoji":"🇳🇷"},{"code":"NU","name":"Niue","emoji":"🇳🇺"},{"code":"NZ","name":"New Zealand","emoji":"🇳🇿"},{"code":"OM","name":"Oman","emoji":"🇴🇲"},{"code":"PA","name":"Panama","emoji":"🇵🇦"},{"code":"PE","name":"Peru","emoji":"🇵🇪"},{"code":"PF","name":"French Polynesia","emoji":"🇵🇫"},{"code":"PG","name":"Papua New Guinea","emoji":"🇵🇬"},{"code":"PH","name":"Philippines","emoji":"🇵🇭"},{"code":"PK","name":"Pakistan","emoji":"🇵🇰"},{"code":"PL","name":"Poland","emoji":"🇵🇱"},{"code":"PM","name":"Saint Pierre and Miquelon","emoji":"🇵🇲"},{"code":"PN","name":"Pitcairn Islands","emoji":"🇵🇳"},{"code":"PR","name":"Puerto Rico","emoji":"🇵🇷"},{"code":"PS","name":"Palestine","emoji":"🇵🇸"},{"code":"PT","name":"Portugal","emoji":"🇵🇹"},{"code":"PW","name":"Palau","emoji":"🇵🇼"},{"code":"PY","name":"Paraguay","emoji":"🇵🇾"},{"code":"QA","name":"Qatar","emoji":"🇶🇦"},{"code":"RE","name":"Réunion","emoji":"🇷🇪"},{"code":"RO","name":"Romania","emoji":"🇷🇴"},{"code":"RS","name":"Serbia","emoji":"🇷🇸"},{"code":"RU","name":"Russia","emoji":"🇷🇺"},{"code":"RW","name":"Rwanda","emoji":"🇷🇼"},{"code":"SA","name":"Saudi Arabia","emoji":"🇸🇦"},{"code":"SB","name":"Solomon Islands","emoji":"🇸🇧"},{"code":"SC","name":"Seychelles","emoji":"🇸🇨"},{"code":"SD","name":"Sudan","emoji":"🇸🇩"},{"code":"SE","name":"Sweden","emoji":"🇸🇪"},{"code":"SG","name":"Singapore","emoji":"🇸🇬"},{"code":"SH","name":"Saint Helena","emoji":"🇸🇭"},{"code":"SI","name":"Slovenia","emoji":"🇸🇮"},{"code":"SJ","name":"Svalbard and Jan Mayen","emoji":"🇸🇯"},{"code":"SK","name":"Slovakia","emoji":"🇸🇰"},{"code":"SL","name":"Sierra Leone","emoji":"🇸🇱"},{"code":"SM","name":"San Marino","emoji":"🇸🇲"},{"code":"SN","name":"Senegal","emoji":"🇸🇳"},{"code":"SO","name":"Somalia","emoji":"🇸🇴"},{"code":"SR","name":"Suriname","emoji":"🇸🇷"},{"code":"SS","name":"South Sudan","emoji":"🇸🇸"},{"code":"ST","name":"São Tomé and Príncipe","emoji":"🇸🇹"},{"code":"SV","name":"El Salvador","emoji":"🇸🇻"},{"code":"SX","name":"Sint Maarten","emoji":"🇸🇽"},{"code":"SY","name":"Syria","emoji":"🇸🇾"},{"code":"SZ","name":"Swaziland","emoji":"🇸🇿"},{"code":"TC","name":"Turks and Caicos Islands","emoji":"🇹🇨"},{"code":"TD","name":"Chad","emoji":"🇹🇩"},{"code":"TF","name":"French Southern Territories","emoji":"🇹🇫"},{"code":"TG","name":"Togo","emoji":"🇹🇬"},{"code":"TH","name":"Thailand","emoji":"🇹🇭"},{"code":"TJ","name":"Tajikistan","emoji":"🇹🇯"},{"code":"TK","name":"Tokelau","emoji":"🇹🇰"},{"code":"TL","name":"East Timor","emoji":"🇹🇱"},{"code":"TM","name":"Turkmenistan","emoji":"🇹🇲"},{"code":"TN","name":"Tunisia","emoji":"🇹🇳"},{"code":"TO","name":"Tonga","emoji":"🇹🇴"},{"code":"TR","name":"Turkey","emoji":"🇹🇷"},{"code":"TT","name":"Trinidad and Tobago","emoji":"🇹🇹"},{"code":"TV","name":"Tuvalu","emoji":"🇹🇻"},{"code":"TW","name":"Taiwan","emoji":"🇹🇼"},{"code":"TZ","name":"Tanzania","emoji":"🇹🇿"},{"code":"UA","name":"Ukraine","emoji":"🇺🇦"},{"code":"UG","name":"Uganda","emoji":"🇺🇬"},{"code":"UM","name":"U.S. Minor Outlying Islands","emoji":"🇺🇲"},{"code":"US","name":"United States","emoji":"🇺🇸"},{"code":"UY","name":"Uruguay","emoji":"🇺🇾"},{"code":"UZ","name":"Uzbekistan","emoji":"🇺🇿"},{"code":"VA","name":"Vatican City","emoji":"🇻🇦"},{"code":"VC","name":"Saint Vincent and the Grenadines","emoji":"🇻🇨"},{"code":"VE","name":"Venezuela","emoji":"🇻🇪"},{"code":"VG","name":"British Virgin Islands","emoji":"🇻🇬"},{"code":"VI","name":"U.S. Virgin Islands","emoji":"🇻🇮"},{"code":"VN","name":"Vietnam","emoji":"🇻🇳"},{"code":"VU","name":"Vanuatu","emoji":"🇻🇺"},{"code":"WF","name":"Wallis and Futuna","emoji":"🇼🇫"},{"code":"WS","name":"Samoa","emoji":"🇼🇸"},{"code":"XK","name":"Kosovo","emoji":"🇽🇰"},{"code":"YE","name":"Yemen","emoji":"🇾🇪"},{"code":"YT","name":"Mayotte","emoji":"🇾🇹"},{"code":"ZA","name":"South Africa","emoji":"🇿🇦"},{"code":"ZM","name":"Zambia","emoji":"🇿🇲"},{"code":"ZW","name":"Zimbabwe","emoji":"🇿🇼"}]}}

---------------------------------------------------------
feature: classpath:myKarateTest/features/graphQLTest.feature
scenarios:  1 | passed:  1 | failed:  0 | time: 1.2014
---------------------------------------------------------

]]></system-out>
  </testcase>
</testsuite>